<?xml version="1.0" encoding="UTF-8"?>
<!-- Generated by org.testng.reporters.JUnitXMLReporter -->
<testsuite ignored="1" hostname="Sharu" failures="0" tests="1" name="Default test" time="7.599" errors="0" timestamp="2024-10-03T14:50:39 IST">
  <testcase classname="com.sevenrmartsupermarket.tests.ManageNewsTest" name="verifyDeletionOfNews" time="2.334"/>
  <testcase classname="com.sevenrmartsupermarket.tests.ManageNewsTest" name="verifyNewsPageCreation" time="0.0">
    <ignored/>
  </testcase> <!-- verifyNewsPageCreation -->
</testsuite> <!-- Default test -->
