<?xml version="1.0" encoding="UTF-8"?>
<!-- Generated by org.testng.reporters.JUnitXMLReporter -->
<testsuite ignored="4" hostname="Sharu" failures="0" tests="1" name="Executing Smoke Groups " time="9.333" errors="0" timestamp="2024-09-30T20:25:47 IST">
  <testcase classname="com.sevenrmartsupermarket.tests.ManageProductTest" name="verifyTableHeader" time="1.86"/>
  <testcase classname="com.sevenrmartsupermarket.tests.LoginTest" name="verifyDataProviderLogin" time="0.0">
    <ignored/>
  </testcase> <!-- verifyDataProviderLogin -->
  <testcase classname="com.sevenrmartsupermarket.tests.CategoryTest" name="verifyNewCategoryCreation" time="0.0">
    <ignored/>
  </testcase> <!-- verifyNewCategoryCreation -->
  <testcase classname="com.sevenrmartsupermarket.tests.LoginTest" name="verifyAdminLogin" time="0.0">
    <ignored/>
  </testcase> <!-- verifyAdminLogin -->
  <testcase classname="com.sevenrmartsupermarket.tests.ManageProductTest" name="verifyProductSearch" time="0.0">
    <ignored/>
  </testcase> <!-- verifyProductSearch -->
</testsuite> <!-- Executing Smoke Groups  -->
