<?xml version="1.0" encoding="UTF-8"?>
<!-- Generated by org.testng.reporters.JUnitXMLReporter -->
<testsuite ignored="0" hostname="Sharu" failures="0" tests="5" name="Regression" time="81.559" errors="0" timestamp="2024-09-26T20:34:53 IST">
  <testcase classname="com.sevenrmartsupermarket.tests.AdminTest" name="excelDataRead" time="2.663"/>
  <testcase classname="com.sevenrmartsupermarket.tests.AdminTest" name="newAdminCreation" time="8.838"/>
  <testcase classname="com.sevenrmartsupermarket.tests.AdminTest" name="newAdminCreation" time="3.935"/>
  <testcase classname="com.sevenrmartsupermarket.tests.AdminTest" name="printHomeCardNames" time="1.577"/>
  <testcase classname="com.sevenrmartsupermarket.tests.AdminTest" name="verifyTableHeader" time="2.035"/>
</testsuite> <!-- Regression -->
