<?xml version="1.0" encoding="UTF-8"?>
<!-- Generated by org.testng.reporters.JUnitXMLReporter -->
<testsuite ignored="0" hostname="Sharu" failures="0" tests="3" name="Smoke" time="26.329" errors="0" timestamp="2024-09-26T20:35:20 IST">
  <testcase classname="com.sevenrmartsupermarket.tests.LoginTest" name="verifyAdminLogin" time="1.663"/>
  <testcase classname="com.sevenrmartsupermarket.tests.LoginTest" name="verifyDataProviderLogin" time="1.485"/>
  <testcase classname="com.sevenrmartsupermarket.tests.LoginTest" name="verifyDataProviderLogin" time="1.231"/>
</testsuite> <!-- Smoke -->
