<?xml version="1.0" encoding="UTF-8"?>
<!-- Generated by org.testng.reporters.JUnitXMLReporter -->
<testsuite ignored="0" hostname="Sharu" failures="0" tests="5" name="Exploratory" time="29.141" errors="0" timestamp="2024-10-01T16:43:10 IST">
  <testcase classname="com.sevenrmartsupermarket.tests.ManageProductTest" name="verifyProductSearch" time="6.757"/>
  <testcase classname="com.sevenrmartsupermarket.tests.ManageNewsTest" name="verifyDeletionOfNews" time="8.562"/>
  <testcase classname="com.sevenrmartsupermarket.tests.CategoryTest" name="verifyNewCategoryCreation" time="19.103"/>
  <testcase classname="com.sevenrmartsupermarket.tests.ManageProductTest" name="verifyTableHeader" time="5.176"/>
  <testcase classname="com.sevenrmartsupermarket.tests.ManageNewsTest" name="verifyNewsPageCreation" time="6.254"/>
</testsuite> <!-- Exploratory -->
