<?xml version="1.0" encoding="UTF-8"?>
<!-- Generated by org.testng.reporters.JUnitXMLReporter -->
<testsuite ignored="0" hostname="Sharu" failures="0" tests="6" name="Regression" time="25.531" errors="0" timestamp="2024-10-01T16:42:41 IST">
  <testcase classname="com.sevenrmartsupermarket.tests.AdminTest" name="VerifynewAdminCreation" time="5.503"/>
  <testcase classname="com.sevenrmartsupermarket.tests.ManageContactTest" name="verifyManageContactEditData" time="6.701"/>
  <testcase classname="com.sevenrmartsupermarket.tests.SubCategoryTest" name="verifyNewSubCategoryCreation" time="7.054"/>
  <testcase classname="com.sevenrmartsupermarket.tests.AdminTest" name="VerifynewAdminCreation" time="3.154"/>
  <testcase classname="com.sevenrmartsupermarket.tests.AdminTest" name="excelDataRead" time="0.164"/>
  <testcase classname="com.sevenrmartsupermarket.tests.AdminTest" name="verifyNewAdminCreation" time="2.574"/>
</testsuite> <!-- Regression -->
