<?xml version="1.0" encoding="UTF-8"?>
<!-- Generated by org.testng.reporters.JUnitXMLReporter -->
<testsuite ignored="0" hostname="Sharu" failures="0" tests="11" name="Smoke" time="39.362" errors="0" timestamp="2024-10-01T16:42:15 IST">
  <testcase classname="com.sevenrmartsupermarket.tests.LoginTest" name="verifyAdminLogin" time="1.793"/>
  <testcase classname="com.sevenrmartsupermarket.tests.HomeTest" name="VerifyHomeCardNames" time="2.378"/>
  <testcase classname="com.sevenrmartsupermarket.tests.HomeTest" name="VerifyHomeProfileName" time="2.537"/>
  <testcase classname="com.sevenrmartsupermarket.tests.LoginTest" name="verifyDataProviderLogin" time="1.511"/>
  <testcase classname="com.sevenrmartsupermarket.tests.LoginTest" name="verifyDataProviderLogin" time="1.239"/>
  <testcase classname="com.sevenrmartsupermarket.tests.HomeTest" name="verifyAdminPageClick" time="1.754"/>
  <testcase classname="com.sevenrmartsupermarket.tests.HomeTest" name="verifyManageCategoryClick" time="1.179"/>
  <testcase classname="com.sevenrmartsupermarket.tests.HomeTest" name="verifyManageContactClick" time="1.625"/>
  <testcase classname="com.sevenrmartsupermarket.tests.HomeTest" name="verifyManageNewsClick" time="1.167"/>
  <testcase classname="com.sevenrmartsupermarket.tests.HomeTest" name="verifyManageSubCategoryClick" time="1.255"/>
  <testcase classname="com.sevenrmartsupermarket.tests.HomeTest" name="verifyProductPageClick" time="1.324"/>
</testsuite> <!-- Smoke -->
